
                   @@@@@@                          @@@    @@@
                     @@                             @@     @ 
                     @@                             @@@    @ 
                     @@           @@@       @@@     @ @@   @ 
                     @@         @@   @@   @@   @@   @ @@   @ 
                     @@        @@     @@ @@     @@  @  @@  @ 
                     @@        @@     @@ @@     @@  @   @@ @ 
                     @@        @@     @@ @@     @@  @   @@ @ 
                     @@      @ @@     @@ @@     @@  @    @@@ 
                     @@     @   @@   @@   @@   @@   @     @@ 
                   @@@@@@@@@@     @@@       @@@    @@@    @@ 

                           Local optimization on Nets

             Alliance CAD System 5.0 20090901, loon 5.0 [2003/12/07]
             Copyright (c) 2000-2019,                 ASIM/LIP6/UPMC
             Author(s):                              François Donnet
             E-mail        :             alliance-users@asim.lip6.fr

	MBK_IN_LO	: vst
	MBK_OUT_LO	: vst
	MBK_TARGET_LIB	: /usr/lib64/alliance/cells/sxlib

Reading parameter file 'paramfile.lax'...
50% area - 50% delay optimization
Reading file 'sdetm_b.vst'...
Controlling file 'paramfile.lax'...
Reading lib '/usr/lib64/alliance/cells/sxlib'...
Capacitances on file 'sdetm_b.vst'...
Delays on file 'sdetm_b.vst'...2649 ps
Area on file 'sdetm_b.vst'...70000 lamda² (with over-cell routing)
Details...
	o2_x2: 7 (12%)
	inv_x2: 7 (7%)
	a2_x2: 5 (8%)
	no2_x1: 4 (5%)
	nao22_x1: 4 (8%)
	na3_x1: 3 (5%)
	sff1_x4: 3 (19%)
	o4_x2: 2 (5%)
	noa22_x1: 2 (4%)
	na2_x1: 2 (2%)
	o3_x2: 2 (4%)
	no3_x1: 2 (3%)
	oa22_x2: 1 (2%)
	ao22_x2: 1 (2%)
	na4_x1: 1 (2%)
	nxr2_x1: 1 (3%)
	nao2o22_x1: 1 (2%)
	Total: 48
Worst RC on file 'sdetm_b.vst'...342 ps
Inserting buffers on critical path for file 'sdetm_b_l.vst'...None inserted
Improving RC on critical path for file 'sdetm_b_l.vst'...2584 ps
Improving all RC for file 'sdetm_b_l.vst'...
Worst RC on file 'sdetm_b_l.vst'...342 ps
Area on file 'sdetm_b_l.vst'...70250 lamda² (with over-cell routing)
Details...
	o2_x2: 7 (12%)
	inv_x2: 6 (6%)
	a2_x2: 5 (8%)
	no2_x1: 4 (5%)
	nao22_x1: 4 (8%)
	na3_x1: 3 (5%)
	sff1_x4: 3 (19%)
	o4_x2: 2 (4%)
	noa22_x1: 2 (4%)
	na2_x1: 2 (2%)
	o3_x2: 2 (4%)
	no3_x1: 2 (3%)
	oa22_x2: 1 (2%)
	ao22_x2: 1 (2%)
	na4_x1: 1 (2%)
	inv_x4: 1 (1%)
	nxr2_x1: 1 (3%)
	nao2o22_x1: 1 (2%)
	Total: 48
Critical path (no warranty)...2584 ps from 'dac_current_state 2' to 'alarm'
Saving file 'sdetm_b_l.vst'...
Saving delay gradient in xsch color file 'sdetm_b_l.xsc'...
End of loon...

