
                  @@@@@@@                             @@@@ @  
                    @@   @@                         @@    @@  
                    @@    @@                       @@      @  
                    @@    @@     @@@       @@@    @@          
                    @@   @@    @@   @@   @@   @@  @@          
                    @@@@@@    @@     @@ @@     @@ @@     @@@@@
                    @@    @@  @@     @@ @@     @@ @@     @ @@ 
                    @@     @@ @@     @@ @@     @@ @@    @  @@ 
                    @@     @@ @@     @@ @@     @@  @@      @@ 
                    @@    @@   @@   @@   @@   @@    @@    @@  
                  @@@@@@@@       @@@       @@@        @@@@    

                         Binding and Optimizing On Gates

             Alliance CAD System 5.0 20090901, boog 5.0 [2003/01/09]
             Copyright (c) 2000-2019,                 ASIM/LIP6/UPMC
             Author(s):                              François Donnet
             E-mail        :             alliance-users@asim.lip6.fr

        MBK_VDD        : vdd
        MBK_VSS        : vss
        MBK_IN_LO      : vst
        MBK_OUT_LO     : vst
        MBK_WORK_LIB   : .
        MBK_TARGET_LIB : /usr/lib64/alliance/cells/sxlib

Reading parameter file 'paramfile.lax'...
50% area - 50% delay optimization
Reading file 'sdetj_b.vbe'...
Controlling file 'paramfile.lax'...
Controlling file 'sdetj_b.vbe'...
Reading lib '/usr/lib64/alliance/cells/sxlib'...
Controlling lib '/usr/lib64/alliance/cells/sxlib'...
Preparing file 'sdetj_b.vbe'...
Capacitances on file 'sdetj_b.vbe'...
Unflattening file 'sdetj_b.vbe'...
Mapping file 'sdetj_b.vbe'...
Saving file 'sdetj_b.vst'...
Quick estimated critical path (no warranty)...2032 ps from 'dac_current_state 1' to 'alarm'
Quick estimated area (with over-cell routing)...84000 lambda²
Details...
	inv_x2: 10
	no2_x1: 8
	na2_x1: 7
	a2_x2: 6
	o3_x2: 4
	o2_x2: 4
	nao22_x1: 3
	sff1_x4: 3
	na4_x1: 2
	a4_x2: 2
	no4_x1: 2
	noa2ao222_x1: 1
	noa22_x1: 1
	nxr2_x1: 1
	no3_x1: 1
	oa2a22_x2: 1
	na3_x1: 1
	xr2_x1: 1
	an12_x1: 1
	o4_x2: 1
	Total: 60
Saving delay gradient in xsch color file 'sdetj_b.xsc'...
End of boog...

