
                   @@@@@@                          @@@    @@@
                     @@                             @@     @ 
                     @@                             @@@    @ 
                     @@           @@@       @@@     @ @@   @ 
                     @@         @@   @@   @@   @@   @ @@   @ 
                     @@        @@     @@ @@     @@  @  @@  @ 
                     @@        @@     @@ @@     @@  @   @@ @ 
                     @@        @@     @@ @@     @@  @   @@ @ 
                     @@      @ @@     @@ @@     @@  @    @@@ 
                     @@     @   @@   @@   @@   @@   @     @@ 
                   @@@@@@@@@@     @@@       @@@    @@@    @@ 

                           Local optimization on Nets

             Alliance CAD System 5.0 20090901, loon 5.0 [2003/12/07]
             Copyright (c) 2000-2019,                 ASIM/LIP6/UPMC
             Author(s):                              François Donnet
             E-mail        :             alliance-users@asim.lip6.fr

	MBK_IN_LO	: vst
	MBK_OUT_LO	: vst
	MBK_TARGET_LIB	: /usr/lib64/alliance/cells/sxlib

Reading parameter file 'paramfile.lax'...
50% area - 50% delay optimization
Reading file 'sdeta_b.vst'...
Controlling file 'paramfile.lax'...
Reading lib '/usr/lib64/alliance/cells/sxlib'...
Capacitances on file 'sdeta_b.vst'...
Delays on file 'sdeta_b.vst'...2434 ps
Area on file 'sdeta_b.vst'...79500 lamda² (with over-cell routing)
Details...
	inv_x2: 13 (12%)
	na3_x1: 7 (11%)
	a2_x2: 6 (9%)
	no2_x1: 4 (5%)
	na2_x1: 3 (3%)
	o2_x2: 2 (3%)
	a4_x2: 2 (4%)
	na4_x1: 2 (3%)
	nao22_x1: 2 (3%)
	noa22_x1: 2 (3%)
	sff1_x4: 2 (11%)
	o3_x2: 2 (3%)
	no4_x1: 1 (1%)
	an12_x1: 1 (1%)
	oa2ao222_x2: 1 (3%)
	on12_x1: 1 (1%)
	nao2o22_x1: 1 (2%)
	ao22_x2: 1 (1%)
	sff2_x4: 1 (7%)
	nxr2_x1: 1 (2%)
	oa22_x2: 1 (1%)
	Total: 56
Worst RC on file 'sdeta_b.vst'...170 ps
Inserting buffers on critical path for file 'sdeta_b_l.vst'...1 buffer inserted -> 2424 ps
Improving RC on critical path for file 'sdeta_b_l.vst'...2363 ps
Improving all RC for file 'sdeta_b_l.vst'...
Worst RC on file 'sdeta_b_l.vst'...170 ps
Area on file 'sdeta_b_l.vst'...80750 lamda² (with over-cell routing)
Details...
	inv_x2: 12 (11%)
	na3_x1: 7 (10%)
	a2_x2: 6 (9%)
	no2_x1: 4 (4%)
	na2_x1: 3 (3%)
	o2_x2: 2 (3%)
	a4_x2: 2 (4%)
	na4_x1: 2 (3%)
	nao22_x1: 2 (3%)
	noa22_x1: 2 (3%)
	sff1_x4: 2 (11%)
	o3_x2: 2 (3%)
	buf_x2: 1 (1%)
	no4_x1: 1 (1%)
	an12_x1: 1 (1%)
	oa2ao222_x2: 1 (3%)
	on12_x1: 1 (1%)
	nao2o22_x1: 1 (2%)
	ao22_x2: 1 (1%)
	sff2_x4: 1 (7%)
	nxr2_x1: 1 (2%)
	oa22_x2: 1 (1%)
	inv_x4: 1 (1%)
	Total: 57
Critical path (no warranty)...2363 ps from 'dac_current_state 1' to 'door'
Saving file 'sdeta_b_l.vst'...
Saving delay gradient in xsch color file 'sdeta_b_l.xsc'...
End of loon...

