
                   @@@@@@                          @@@    @@@
                     @@                             @@     @ 
                     @@                             @@@    @ 
                     @@           @@@       @@@     @ @@   @ 
                     @@         @@   @@   @@   @@   @ @@   @ 
                     @@        @@     @@ @@     @@  @  @@  @ 
                     @@        @@     @@ @@     @@  @   @@ @ 
                     @@        @@     @@ @@     @@  @   @@ @ 
                     @@      @ @@     @@ @@     @@  @    @@@ 
                     @@     @   @@   @@   @@   @@   @     @@ 
                   @@@@@@@@@@     @@@       @@@    @@@    @@ 

                           Local optimization on Nets

             Alliance CAD System 5.0 20090901, loon 5.0 [2003/12/07]
             Copyright (c) 2000-2019,                 ASIM/LIP6/UPMC
             Author(s):                              François Donnet
             E-mail        :             alliance-users@asim.lip6.fr

	MBK_IN_LO	: vst
	MBK_OUT_LO	: vst
	MBK_TARGET_LIB	: /usr/lib64/alliance/cells/sxlib

Reading parameter file 'paramfile.lax'...
50% area - 50% delay optimization
Reading file 'sdeto_b.vst'...
Controlling file 'paramfile.lax'...
Reading lib '/usr/lib64/alliance/cells/sxlib'...
Capacitances on file 'sdeto_b.vst'...
Delays on file 'sdeto_b.vst'...3109 ps
Area on file 'sdeto_b.vst'...98000 lamda² (with over-cell routing)
Details...
	inv_x2: 13 (9%)
	no2_x1: 8 (8%)
	a2_x2: 8 (10%)
	sff1_x4: 6 (27%)
	na3_x1: 5 (6%)
	na2_x1: 5 (5%)
	o2_x2: 4 (5%)
	no3_x1: 3 (3%)
	on12_x1: 3 (3%)
	no4_x1: 2 (3%)
	na4_x1: 2 (3%)
	oa22_x2: 2 (3%)
	nao22_x1: 2 (3%)
	noa2a2a23_x1: 1 (2%)
	a4_x2: 1 (1%)
	noa22_x1: 1 (1%)
	o4_x2: 1 (1%)
	Total: 67
Worst RC on file 'sdeto_b.vst'...416 ps
Inserting buffers on critical path for file 'sdeto_b_l.vst'...5 buffers inserted -> 3037 ps
Improving RC on critical path for file 'sdeto_b_l.vst'...3022 ps
Improving all RC for file 'sdeto_b_l.vst'...
Worst RC on file 'sdeto_b_l.vst'...416 ps
Area on file 'sdeto_b_l.vst'...103000 lamda² (with over-cell routing)
Details...
	inv_x2: 13 (9%)
	no2_x1: 8 (7%)
	a2_x2: 8 (9%)
	sff1_x4: 6 (26%)
	buf_x2: 5 (4%)
	na3_x1: 5 (6%)
	na2_x1: 5 (4%)
	o2_x2: 4 (4%)
	no3_x1: 3 (3%)
	on12_x1: 3 (3%)
	no4_x1: 2 (2%)
	na4_x1: 2 (2%)
	oa22_x2: 2 (2%)
	nao22_x1: 2 (2%)
	noa2a2a23_x1: 1 (2%)
	a4_x2: 1 (1%)
	noa22_x1: 1 (1%)
	o4_x2: 1 (1%)
	Total: 72
Critical path (no warranty)...3022 ps from 'dac_current_state 5' to 'alarm'
Saving file 'sdeto_b_l.vst'...
Adding signal 'mbk_buf_dac_current_state 4'
Adding signal 'mbk_buf_not_dac_current_state 4'
Saving delay gradient in xsch color file 'sdeto_b_l.xsc'...
End of loon...

