
                   @@@@@@                          @@@    @@@
                     @@                             @@     @ 
                     @@                             @@@    @ 
                     @@           @@@       @@@     @ @@   @ 
                     @@         @@   @@   @@   @@   @ @@   @ 
                     @@        @@     @@ @@     @@  @  @@  @ 
                     @@        @@     @@ @@     @@  @   @@ @ 
                     @@        @@     @@ @@     @@  @   @@ @ 
                     @@      @ @@     @@ @@     @@  @    @@@ 
                     @@     @   @@   @@   @@   @@   @     @@ 
                   @@@@@@@@@@     @@@       @@@    @@@    @@ 

                           Local optimization on Nets

             Alliance CAD System 5.0 20090901, loon 5.0 [2003/12/07]
             Copyright (c) 2000-2019,                 ASIM/LIP6/UPMC
             Author(s):                              François Donnet
             E-mail        :             alliance-users@asim.lip6.fr

	MBK_IN_LO	: vst
	MBK_OUT_LO	: vst
	MBK_TARGET_LIB	: /usr/lib64/alliance/cells/sxlib

Reading parameter file 'paramfile.lax'...
50% area - 50% delay optimization
Reading file 'sdetr_b.vst'...
Controlling file 'paramfile.lax'...
Reading lib '/usr/lib64/alliance/cells/sxlib'...
Capacitances on file 'sdetr_b.vst'...
Delays on file 'sdetr_b.vst'...3126 ps
Area on file 'sdetr_b.vst'...78750 lamda² (with over-cell routing)
Details...
	inv_x2: 10 (9%)
	a2_x2: 7 (11%)
	no2_x1: 6 (7%)
	na3_x1: 5 (7%)
	nao22_x1: 5 (9%)
	o2_x2: 4 (6%)
	na2_x1: 4 (5%)
	noa22_x1: 3 (5%)
	o3_x2: 2 (3%)
	sff1_x4: 2 (11%)
	o4_x2: 1 (2%)
	oa2ao222_x2: 1 (3%)
	no3_x1: 1 (1%)
	on12_x1: 1 (1%)
	oa22_x2: 1 (1%)
	sff2_x4: 1 (7%)
	ao22_x2: 1 (1%)
	a3_x2: 1 (1%)
	Total: 56
Worst RC on file 'sdetr_b.vst'...303 ps
Inserting buffers on critical path for file 'sdetr_b_l.vst'...3 buffers inserted -> 3097 ps
Improving RC on critical path for file 'sdetr_b_l.vst'...3015 ps
Improving all RC for file 'sdetr_b_l.vst'...
Worst RC on file 'sdetr_b_l.vst'...303 ps
Area on file 'sdetr_b_l.vst'...82000 lamda² (with over-cell routing)
Details...
	inv_x2: 9 (8%)
	a2_x2: 7 (10%)
	no2_x1: 6 (7%)
	na3_x1: 5 (7%)
	nao22_x1: 5 (9%)
	o2_x2: 4 (6%)
	na2_x1: 4 (4%)
	buf_x2: 3 (3%)
	noa22_x1: 3 (5%)
	o3_x2: 2 (3%)
	sff1_x4: 2 (10%)
	o4_x2: 1 (2%)
	oa2ao222_x2: 1 (3%)
	no3_x1: 1 (1%)
	on12_x1: 1 (1%)
	oa22_x2: 1 (1%)
	sff2_x4: 1 (7%)
	ao22_x2: 1 (1%)
	a3_x2: 1 (1%)
	inv_x4: 1 (1%)
	Total: 59
Critical path (no warranty)...3015 ps from 'dac_current_state 0' to 'alarm'
Saving file 'sdetr_b_l.vst'...
Saving delay gradient in xsch color file 'sdetr_b_l.xsc'...
End of loon...

