
                   @@@@@@                          @@@    @@@
                     @@                             @@     @ 
                     @@                             @@@    @ 
                     @@           @@@       @@@     @ @@   @ 
                     @@         @@   @@   @@   @@   @ @@   @ 
                     @@        @@     @@ @@     @@  @  @@  @ 
                     @@        @@     @@ @@     @@  @   @@ @ 
                     @@        @@     @@ @@     @@  @   @@ @ 
                     @@      @ @@     @@ @@     @@  @    @@@ 
                     @@     @   @@   @@   @@   @@   @     @@ 
                   @@@@@@@@@@     @@@       @@@    @@@    @@ 

                           Local optimization on Nets

             Alliance CAD System 5.0 20090901, loon 5.0 [2003/12/07]
             Copyright (c) 2000-2019,                 ASIM/LIP6/UPMC
             Author(s):                              François Donnet
             E-mail        :             alliance-users@asim.lip6.fr

	MBK_IN_LO	: vst
	MBK_OUT_LO	: vst
	MBK_TARGET_LIB	: /usr/lib64/alliance/cells/sxlib

Reading parameter file 'paramfile.lax'...
50% area - 50% delay optimization
Reading file 'sdetj_b.vst'...
Controlling file 'paramfile.lax'...
Reading lib '/usr/lib64/alliance/cells/sxlib'...
Capacitances on file 'sdetj_b.vst'...
Delays on file 'sdetj_b.vst'...3266 ps
Area on file 'sdetj_b.vst'...84000 lamda² (with over-cell routing)
Details...
	inv_x2: 10 (8%)
	no2_x1: 8 (9%)
	na2_x1: 7 (8%)
	a2_x2: 6 (8%)
	o3_x2: 4 (7%)
	o2_x2: 4 (5%)
	nao22_x1: 3 (5%)
	sff1_x4: 3 (16%)
	na4_x1: 2 (3%)
	a4_x2: 2 (4%)
	no4_x1: 2 (3%)
	noa2ao222_x1: 1 (2%)
	noa22_x1: 1 (1%)
	nxr2_x1: 1 (2%)
	no3_x1: 1 (1%)
	oa2a22_x2: 1 (2%)
	na3_x1: 1 (1%)
	xr2_x1: 1 (2%)
	an12_x1: 1 (1%)
	o4_x2: 1 (2%)
	Total: 60
Worst RC on file 'sdetj_b.vst'...423 ps
Inserting buffers on critical path for file 'sdetj_b_l.vst'...2 buffers inserted -> 3165 ps
Improving RC on critical path for file 'sdetj_b_l.vst'...3156 ps
Improving all RC for file 'sdetj_b_l.vst'...
Worst RC on file 'sdetj_b_l.vst'...423 ps
Area on file 'sdetj_b_l.vst'...86250 lamda² (with over-cell routing)
Details...
	inv_x2: 10 (8%)
	no2_x1: 8 (9%)
	na2_x1: 7 (8%)
	a2_x2: 6 (8%)
	o3_x2: 4 (6%)
	o2_x2: 4 (5%)
	nao22_x1: 3 (5%)
	sff1_x4: 3 (15%)
	na4_x1: 2 (3%)
	a4_x2: 2 (4%)
	no4_x1: 2 (3%)
	buf_x2: 1 (1%)
	buf_x4: 1 (1%)
	noa2ao222_x1: 1 (2%)
	noa22_x1: 1 (1%)
	nxr2_x1: 1 (2%)
	no3_x1: 1 (1%)
	oa2a22_x2: 1 (2%)
	na3_x1: 1 (1%)
	xr2_x1: 1 (2%)
	an12_x1: 1 (1%)
	o4_x2: 1 (2%)
	Total: 62
Critical path (no warranty)...3156 ps from 'dac_current_state 1' to 'alarm'
Saving file 'sdetj_b_l.vst'...
Saving delay gradient in xsch color file 'sdetj_b_l.xsc'...
End of loon...

