
                  @@@@@@@                             @@@@ @  
                    @@   @@                         @@    @@  
                    @@    @@                       @@      @  
                    @@    @@     @@@       @@@    @@          
                    @@   @@    @@   @@   @@   @@  @@          
                    @@@@@@    @@     @@ @@     @@ @@     @@@@@
                    @@    @@  @@     @@ @@     @@ @@     @ @@ 
                    @@     @@ @@     @@ @@     @@ @@    @  @@ 
                    @@     @@ @@     @@ @@     @@  @@      @@ 
                    @@    @@   @@   @@   @@   @@    @@    @@  
                  @@@@@@@@       @@@       @@@        @@@@    

                         Binding and Optimizing On Gates

             Alliance CAD System 5.0 20090901, boog 5.0 [2003/01/09]
             Copyright (c) 2000-2019,                 ASIM/LIP6/UPMC
             Author(s):                              François Donnet
             E-mail        :             alliance-users@asim.lip6.fr

        MBK_VDD        : vdd
        MBK_VSS        : vss
        MBK_IN_LO      : vst
        MBK_OUT_LO     : vst
        MBK_WORK_LIB   : .
        MBK_TARGET_LIB : /usr/lib64/alliance/cells/sxlib

Reading parameter file 'paramfile.lax'...
50% area - 50% delay optimization
Reading file 'sdetm_b.vbe'...
Controlling file 'paramfile.lax'...
Controlling file 'sdetm_b.vbe'...
Reading lib '/usr/lib64/alliance/cells/sxlib'...
Controlling lib '/usr/lib64/alliance/cells/sxlib'...
Preparing file 'sdetm_b.vbe'...
Capacitances on file 'sdetm_b.vbe'...
Unflattening file 'sdetm_b.vbe'...
Mapping file 'sdetm_b.vbe'...
Saving file 'sdetm_b.vst'...
Quick estimated critical path (no warranty)...2112 ps from 'dac_current_state 2' to 'alarm'
Quick estimated area (with over-cell routing)...70000 lambda²
Details...
	o2_x2: 7
	inv_x2: 7
	a2_x2: 5
	no2_x1: 4
	nao22_x1: 4
	na3_x1: 3
	sff1_x4: 3
	o4_x2: 2
	noa22_x1: 2
	na2_x1: 2
	o3_x2: 2
	no3_x1: 2
	oa22_x2: 1
	ao22_x2: 1
	na4_x1: 1
	nxr2_x1: 1
	nao2o22_x1: 1
	Total: 48
Saving delay gradient in xsch color file 'sdetm_b.xsc'...
End of boog...

