
                  @@@@@@@                             @@@@ @  
                    @@   @@                         @@    @@  
                    @@    @@                       @@      @  
                    @@    @@     @@@       @@@    @@          
                    @@   @@    @@   @@   @@   @@  @@          
                    @@@@@@    @@     @@ @@     @@ @@     @@@@@
                    @@    @@  @@     @@ @@     @@ @@     @ @@ 
                    @@     @@ @@     @@ @@     @@ @@    @  @@ 
                    @@     @@ @@     @@ @@     @@  @@      @@ 
                    @@    @@   @@   @@   @@   @@    @@    @@  
                  @@@@@@@@       @@@       @@@        @@@@    

                         Binding and Optimizing On Gates

             Alliance CAD System 5.0 20090901, boog 5.0 [2003/01/09]
             Copyright (c) 2000-2019,                 ASIM/LIP6/UPMC
             Author(s):                              François Donnet
             E-mail        :             alliance-users@asim.lip6.fr

        MBK_VDD        : vdd
        MBK_VSS        : vss
        MBK_IN_LO      : vst
        MBK_OUT_LO     : vst
        MBK_WORK_LIB   : .
        MBK_TARGET_LIB : /usr/lib64/alliance/cells/sxlib

Reading parameter file 'paramfile.lax'...
50% area - 50% delay optimization
Reading file 'sdetr_b.vbe'...
Controlling file 'paramfile.lax'...
Controlling file 'sdetr_b.vbe'...
Reading lib '/usr/lib64/alliance/cells/sxlib'...
Controlling lib '/usr/lib64/alliance/cells/sxlib'...
Preparing file 'sdetr_b.vbe'...
Capacitances on file 'sdetr_b.vbe'...
Unflattening file 'sdetr_b.vbe'...
Mapping file 'sdetr_b.vbe'...
Saving file 'sdetr_b.vst'...
Adding signal 'not_code 2'
Quick estimated critical path (no warranty)...2213 ps from 'dac_current_state 1' to 'alarm'
Quick estimated area (with over-cell routing)...78750 lambda²
Details...
	inv_x2: 10
	a2_x2: 7
	no2_x1: 6
	na3_x1: 5
	nao22_x1: 5
	o2_x2: 4
	na2_x1: 4
	noa22_x1: 3
	o3_x2: 2
	sff1_x4: 2
	o4_x2: 1
	oa2ao222_x2: 1
	no3_x1: 1
	on12_x1: 1
	oa22_x2: 1
	sff2_x4: 1
	ao22_x2: 1
	a3_x2: 1
	Total: 56
Saving delay gradient in xsch color file 'sdetr_b.xsc'...
End of boog...

